0 info it worked if it ends with ok
1 verbose cli [ '/home/ubuntu/.nvm/versions/node/v4.7.3/bin/node',
1 verbose cli   '/home/ubuntu/.nvm/versions/node/v4.7.3/bin/npm',
1 verbose cli   'init' ]
2 info using npm@2.15.11
3 info using node@v4.7.3
4 silly package data undefined
5 info init written successfully
6 verbose stack TypeError: Cannot read property 'replace' of undefined
6 verbose stack     at module.exports (/home/ubuntu/.nvm/versions/node/v4.7.3/lib/node_modules/npm/node_modules/validate-npm-package-license/node_modules/spdx-correct/index.js:211:26)
6 verbose stack     at module.exports (/home/ubuntu/.nvm/versions/node/v4.7.3/lib/node_modules/npm/node_modules/validate-npm-package-license/index.js:60:23)
6 verbose stack     at /home/ubuntu/.nvm/versions/node/v4.7.3/lib/node_modules/npm/node_modules/init-package-json/default-input.js:232:13
6 verbose stack     at PromZard.<anonymous> (/home/ubuntu/.nvm/versions/node/v4.7.3/lib/node_modules/npm/node_modules/init-package-json/node_modules/promzard/promzard.js:226:19)
6 verbose stack     at onError (/home/ubuntu/.nvm/versions/node/v4.7.3/lib/node_modules/npm/node_modules/read/lib/read.js:94:12)
6 verbose stack     at Interface.<anonymous> (/home/ubuntu/.nvm/versions/node/v4.7.3/lib/node_modules/npm/node_modules/read/lib/read.js:66:5)
6 verbose stack     at emitNone (events.js:67:13)
6 verbose stack     at Interface.emit (events.js:166:7)
6 verbose stack     at Interface._ttyWrite (readline.js:692:16)
6 verbose stack     at ReadStream.onkeypress (readline.js:107:10)
7 verbose cwd /home/ubuntu/workspace
8 error Linux 4.9.17-c9
9 error argv "/home/ubuntu/.nvm/versions/node/v4.7.3/bin/node" "/home/ubuntu/.nvm/versions/node/v4.7.3/bin/npm" "init"
10 error node v4.7.3
11 error npm  v2.15.11
12 error Cannot read property 'replace' of undefined
13 error If you need help, you may report this error at:
13 error     <https://github.com/npm/npm/issues>
14 verbose exit [ 1, true ]
